<?xml version="1.0" encoding="UTF-8"?>
<robot generator="Robot 6.0 (Python 3.11.7 on win32)" generated="20240427 22:04:42.376" rpa="false" schemaversion="3">
<suite id="s1" name="Login" source="c:\Users\arauj\GitHub\robotframework-template\tests\authentication\login.robot">
<test id="s1-t1" name="Test of pythonpath" line="6">
<kw name="Common Dummy Keywords" library="common">
<kw name="Log" library="BuiltIn">
<arg>Common Dummy Keywords</arg>
<doc>Logs the given message with the given level.</doc>
<msg timestamp="20240427 22:04:42.391" level="INFO">Common Dummy Keywords</msg>
<status status="PASS" starttime="20240427 22:04:42.391" endtime="20240427 22:04:42.393"/>
</kw>
<status status="PASS" starttime="20240427 22:04:42.391" endtime="20240427 22:04:42.393"/>
</kw>
<status status="PASS" starttime="20240427 22:04:42.390" endtime="20240427 22:04:42.393"/>
</test>
<status status="PASS" starttime="20240427 22:04:42.379" endtime="20240427 22:04:42.394"/>
</suite>
<statistics>
<total>
<stat pass="1" fail="0" skip="0">All Tests</stat>
</total>
<tag>
</tag>
<suite>
<stat pass="1" fail="0" skip="0" id="s1" name="Login">Login</stat>
</suite>
</statistics>
<errors>
</errors>
</robot>
